[2017-03-20 14:41:12] local.ERROR: exception 'RuntimeException' with message 'The only supported ciphers are AES-128-CBC and AES-256-CBC with the correct key lengths.' in /Users/victorsantosjriii/Documents/MSIS/IS226/project-is226/skolsys/vendor/laravel/framework/src/Illuminate/Encryption/Encrypter.php:43
Stack trace:
#0 /Users/victorsantosjriii/Documents/MSIS/IS226/project-is226/skolsys/vendor/laravel/framework/src/Illuminate/Encryption/EncryptionServiceProvider.php(27): Illuminate\Encryption\Encrypter->__construct('', 'AES-256-CBC')
#1 /Users/victorsantosjriii/Documents/MSIS/IS226/project-is226/skolsys/vendor/laravel/framework/src/Illuminate/Container/Container.php(678): Illuminate\Encryption\EncryptionServiceProvider->Illuminate\Encryption\{closure}(Object(Illuminate\Foundation\Application))
#2 /Users/victorsantosjriii/Documents/MSIS/IS226/project-is226/skolsys/vendor/laravel/framework/src/Illuminate/Container/Container.php(565): Illuminate\Container\Container->build(Object(Closure))
#3 /Users/victorsantosjriii/Documents/MSIS/IS226/project-is226/skolsys/vendor/laravel/framework/src/Illuminate/Foundation/Application.php(702): Illuminate\Container\Container->make('encrypter')
#4 /Users/victorsantosjriii/Documents/MSIS/IS226/project-is226/skolsys/vendor/laravel/framework/src/Illuminate/Container/Container.php(771): Illuminate\Foundation\Application->make('Illuminate\\Cont...')
#5 /Users/victorsantosjriii/Documents/MSIS/IS226/project-is226/skolsys/vendor/laravel/framework/src/Illuminate/Container/Container.php(733): Illuminate\Container\Container->resolveClass(Object(ReflectionParameter))
#6 /Users/victorsantosjriii/Documents/MSIS/IS226/project-is226/skolsys/vendor/laravel/framework/src/Illuminate/Container/Container.php(710): Illuminate\Container\Container->resolveDependencies(Array)
#7 /Users/victorsantosjriii/Documents/MSIS/IS226/project-is226/skolsys/vendor/laravel/framework/src/Illuminate/Container/Container.php(565): Illuminate\Container\Container->build('App\\Http\\Middle...')
#8 /Users/victorsantosjriii/Documents/MSIS/IS226/project-is226/skolsys/vendor/laravel/framework/src/Illuminate/Foundation/Application.php(702): Illuminate\Container\Container->make('App\\Http\\Middle...')
#9 /Users/victorsantosjriii/Documents/MSIS/IS226/project-is226/skolsys/vendor/laravel/framework/src/Illuminate/Pipeline/Pipeline.php(138): Illuminate\Foundation\Application->make('App\\Http\\Middle...')
#10 /Users/victorsantosjriii/Documents/MSIS/IS226/project-is226/skolsys/vendor/laravel/framework/src/Illuminate/Routing/Pipeline.php(53): Illuminate\Pipeline\Pipeline->Illuminate\Pipeline\{closure}(Object(Illuminate\Http\Request))
#11 /Users/victorsantosjriii/Documents/MSIS/IS226/project-is226/skolsys/vendor/laravel/framework/src/Illuminate/Pipeline/Pipeline.php(102): Illuminate\Routing\Pipeline->Illuminate\Routing\{closure}(Object(Illuminate\Http\Request))
#12 /Users/victorsantosjriii/Documents/MSIS/IS226/project-is226/skolsys/vendor/laravel/framework/src/Illuminate/Routing/Router.php(561): Illuminate\Pipeline\Pipeline->then(Object(Closure))
#13 /Users/victorsantosjriii/Documents/MSIS/IS226/project-is226/skolsys/vendor/laravel/framework/src/Illuminate/Routing/Router.php(520): Illuminate\Routing\Router->runRouteWithinStack(Object(Illuminate\Routing\Route), Object(Illuminate\Http\Request))
#14 /Users/victorsantosjriii/Documents/MSIS/IS226/project-is226/skolsys/vendor/laravel/framework/src/Illuminate/Routing/Router.php(498): Illuminate\Routing\Router->dispatchToRoute(Object(Illuminate\Http\Request))
#15 /Users/victorsantosjriii/Documents/MSIS/IS226/project-is226/skolsys/vendor/laravel/framework/src/Illuminate/Foundation/Http/Kernel.php(174): Illuminate\Routing\Router->dispatch(Object(Illuminate\Http\Request))
#16 /Users/victorsantosjriii/Documents/MSIS/IS226/project-is226/skolsys/vendor/laravel/framework/src/Illuminate/Routing/Pipeline.php(30): Illuminate\Foundation\Http\Kernel->Illuminate\Foundation\Http\{closure}(Object(Illuminate\Http\Request))
#17 /Users/victorsantosjriii/Documents/MSIS/IS226/project-is226/skolsys/vendor/laravel/framework/src/Illuminate/Foundation/Http/Middleware/TransformsRequest.php(30): Illuminate\Routing\Pipeline->Illuminate\Routing\{closure}(Object(Illuminate\Http\Request))
#18 /Users/victorsantosjriii/Documents/MSIS/IS226/project-is226/skolsys/vendor/laravel/framework/src/Illuminate/Pipeline/Pipeline.php(148): Illuminate\Foundation\Http\Middleware\TransformsRequest->handle(Object(Illuminate\Http\Request), Object(Closure))
#19 /Users/victorsantosjriii/Documents/MSIS/IS226/project-is226/skolsys/vendor/laravel/framework/src/Illuminate/Routing/Pipeline.php(53): Illuminate\Pipeline\Pipeline->Illuminate\Pipeline\{closure}(Object(Illuminate\Http\Request))
#20 /Users/victorsantosjriii/Documents/MSIS/IS226/project-is226/skolsys/vendor/laravel/framework/src/Illuminate/Foundation/Http/Middleware/TransformsRequest.php(30): Illuminate\Routing\Pipeline->Illuminate\Routing\{closure}(Object(Illuminate\Http\Request))
#21 /Users/victorsantosjriii/Documents/MSIS/IS226/project-is226/skolsys/vendor/laravel/framework/src/Illuminate/Pipeline/Pipeline.php(148): Illuminate\Foundation\Http\Middleware\TransformsRequest->handle(Object(Illuminate\Http\Request), Object(Closure))
#22 /Users/victorsantosjriii/Documents/MSIS/IS226/project-is226/skolsys/vendor/laravel/framework/src/Illuminate/Routing/Pipeline.php(53): Illuminate\Pipeline\Pipeline->Illuminate\Pipeline\{closure}(Object(Illuminate\Http\Request))
#23 /Users/victorsantosjriii/Documents/MSIS/IS226/project-is226/skolsys/vendor/laravel/framework/src/Illuminate/Foundation/Http/Middleware/ValidatePostSize.php(27): Illuminate\Routing\Pipeline->Illuminate\Routing\{closure}(Object(Illuminate\Http\Request))
#24 /Users/victorsantosjriii/Documents/MSIS/IS226/project-is226/skolsys/vendor/laravel/framework/src/Illuminate/Pipeline/Pipeline.php(148): Illuminate\Foundation\Http\Middleware\ValidatePostSize->handle(Object(Illuminate\Http\Request), Object(Closure))
#25 /Users/victorsantosjriii/Documents/MSIS/IS226/project-is226/skolsys/vendor/laravel/framework/src/Illuminate/Routing/Pipeline.php(53): Illuminate\Pipeline\Pipeline->Illuminate\Pipeline\{closure}(Object(Illuminate\Http\Request))
#26 /Users/victorsantosjriii/Documents/MSIS/IS226/project-is226/skolsys/vendor/laravel/framework/src/Illuminate/Foundation/Http/Middleware/CheckForMaintenanceMode.php(46): Illuminate\Routing\Pipeline->Illuminate\Routing\{closure}(Object(Illuminate\Http\Request))
#27 /Users/victorsantosjriii/Documents/MSIS/IS226/project-is226/skolsys/vendor/laravel/framework/src/Illuminate/Pipeline/Pipeline.php(148): Illuminate\Foundation\Http\Middleware\CheckForMaintenanceMode->handle(Object(Illuminate\Http\Request), Object(Closure))
#28 /Users/victorsantosjriii/Documents/MSIS/IS226/project-is226/skolsys/vendor/laravel/framework/src/Illuminate/Routing/Pipeline.php(53): Illuminate\Pipeline\Pipeline->Illuminate\Pipeline\{closure}(Object(Illuminate\Http\Request))
#29 /Users/victorsantosjriii/Documents/MSIS/IS226/project-is226/skolsys/vendor/laravel/framework/src/Illuminate/Pipeline/Pipeline.php(102): Illuminate\Routing\Pipeline->Illuminate\Routing\{closure}(Object(Illuminate\Http\Request))
#30 /Users/victorsantosjriii/Documents/MSIS/IS226/project-is226/skolsys/vendor/laravel/framework/src/Illuminate/Foundation/Http/Kernel.php(149): Illuminate\Pipeline\Pipeline->then(Object(Closure))
#31 /Users/victorsantosjriii/Documents/MSIS/IS226/project-is226/skolsys/vendor/laravel/framework/src/Illuminate/Foundation/Http/Kernel.php(116): Illuminate\Foundation\Http\Kernel->sendRequestThroughRouter(Object(Illuminate\Http\Request))
#32 /Users/victorsantosjriii/Documents/MSIS/IS226/project-is226/skolsys/public/index.php(54): Illuminate\Foundation\Http\Kernel->handle(Object(Illuminate\Http\Request))
#33 /Users/victorsantosjriii/Documents/MSIS/IS226/project-is226/skolsys/server.php(21): require_once('/Users/victorsa...')
#34 {main}  
[2017-03-20 14:41:12] local.ERROR: exception 'RuntimeException' with message 'The only supported ciphers are AES-128-CBC and AES-256-CBC with the correct key lengths.' in /Users/victorsantosjriii/Documents/MSIS/IS226/project-is226/skolsys/vendor/laravel/framework/src/Illuminate/Encryption/Encrypter.php:43
Stack trace:
#0 /Users/victorsantosjriii/Documents/MSIS/IS226/project-is226/skolsys/vendor/laravel/framework/src/Illuminate/Encryption/EncryptionServiceProvider.php(27): Illuminate\Encryption\Encrypter->__construct('', 'AES-256-CBC')
#1 /Users/victorsantosjriii/Documents/MSIS/IS226/project-is226/skolsys/vendor/laravel/framework/src/Illuminate/Container/Container.php(678): Illuminate\Encryption\EncryptionServiceProvider->Illuminate\Encryption\{closure}(Object(Illuminate\Foundation\Application))
#2 /Users/victorsantosjriii/Documents/MSIS/IS226/project-is226/skolsys/vendor/laravel/framework/src/Illuminate/Container/Container.php(565): Illuminate\Container\Container->build(Object(Closure))
#3 /Users/victorsantosjriii/Documents/MSIS/IS226/project-is226/skolsys/vendor/laravel/framework/src/Illuminate/Foundation/Application.php(702): Illuminate\Container\Container->make('encrypter')
#4 /Users/victorsantosjriii/Documents/MSIS/IS226/project-is226/skolsys/vendor/laravel/framework/src/Illuminate/Container/Container.php(771): Illuminate\Foundation\Application->make('Illuminate\\Cont...')
#5 /Users/victorsantosjriii/Documents/MSIS/IS226/project-is226/skolsys/vendor/laravel/framework/src/Illuminate/Container/Container.php(733): Illuminate\Container\Container->resolveClass(Object(ReflectionParameter))
#6 /Users/victorsantosjriii/Documents/MSIS/IS226/project-is226/skolsys/vendor/laravel/framework/src/Illuminate/Container/Container.php(710): Illuminate\Container\Container->resolveDependencies(Array)
#7 /Users/victorsantosjriii/Documents/MSIS/IS226/project-is226/skolsys/vendor/laravel/framework/src/Illuminate/Container/Container.php(565): Illuminate\Container\Container->build('App\\Http\\Middle...')
#8 /Users/victorsantosjriii/Documents/MSIS/IS226/project-is226/skolsys/vendor/laravel/framework/src/Illuminate/Foundation/Application.php(702): Illuminate\Container\Container->make('App\\Http\\Middle...')
#9 /Users/victorsantosjriii/Documents/MSIS/IS226/project-is226/skolsys/vendor/laravel/framework/src/Illuminate/Foundation/Http/Kernel.php(213): Illuminate\Foundation\Application->make('App\\Http\\Middle...')
#10 /Users/victorsantosjriii/Documents/MSIS/IS226/project-is226/skolsys/vendor/laravel/framework/src/Illuminate/Foundation/Http/Kernel.php(187): Illuminate\Foundation\Http\Kernel->terminateMiddleware(Object(Illuminate\Http\Request), Object(Illuminate\Http\Response))
#11 /Users/victorsantosjriii/Documents/MSIS/IS226/project-is226/skolsys/public/index.php(58): Illuminate\Foundation\Http\Kernel->terminate(Object(Illuminate\Http\Request), Object(Illuminate\Http\Response))
#12 /Users/victorsantosjriii/Documents/MSIS/IS226/project-is226/skolsys/server.php(21): require_once('/Users/victorsa...')
#13 {main}  
